Arguments: 
  /opt/homebrew/Cellar/node@14/14.19.1/bin/node /opt/homebrew/Cellar/yarn/1.22.18/libexec/bin/yarn.js install

PATH: 
  /Users/joshuaanderton/.rvm/gems/ruby-2.7.2/bin:/Users/joshuaanderton/.rvm/gems/ruby-2.7.2@global/bin:/Users/joshuaanderton/.rvm/rubies/ruby-2.7.2/bin:/opt/homebrew/opt/node@14/bin:/opt/homebrew/bin:/usr/local/bin:/usr/bin:/bin:/usr/sbin:/sbin:/Library/Apple/usr/bin:/Users/joshuaanderton/.rvm/gems/ruby-2.7.2/bin:/Users/joshuaanderton/.rvm/gems/ruby-2.7.2@global/bin:/Users/joshuaanderton/.rvm/rubies/ruby-2.7.2/bin:/opt/homebrew/opt/node@14/bin:/opt/homebrew/bin:~/.composer/vendor/bin:/Users/joshuaanderton/.rvm/bin:~/.composer/vendor/bin

Yarn version: 
  1.22.18

Node version: 
  14.19.1

Platform: 
  darwin arm64

Trace: 
  SyntaxError: /Users/joshuaanderton/Sites/packages/blazerveljs/packages/react/package.json: Unexpected token ] in JSON at position 208
      at JSON.parse (<anonymous>)
      at /opt/homebrew/Cellar/yarn/1.22.18/libexec/lib/cli.js:1625:59
      at Generator.next (<anonymous>)
      at step (/opt/homebrew/Cellar/yarn/1.22.18/libexec/lib/cli.js:310:30)
      at /opt/homebrew/Cellar/yarn/1.22.18/libexec/lib/cli.js:321:13

npm manifest: 
  {
    "name": "@blazervel/blazervel",
    "version": "0.0.0",
    "license": "MIT",
    "description": "The official JS toolset for Blazervel (the zero-configuration full stack Laravel workflow)",
    "contributors": [
      "Joshua Anderton <hey@joshuaanderton.ca>"
    ],
    "homepage": "https://blazervel.com/",
    "repository": {
      "type": "git",
      "url": "https://github.com/blazervel/blazerveljs.git",
      "directory": "packages/blazervel"
    },
    "bugs": {
      "url": "https://github.com/blazervel/blazerveljs/issues"
    },
    "files": ["dist", "types"],
    "source": "src/index.ts",
    "main": "dist/index.js",
    "unpkg": "dist/index.umd.js",
    "types": "types/index.d.ts",
    "scripts": {
      "build": "npm run clean && npm run build:cjs && npm run build:umd",
      "build:cjs": "microbundle --format cjs",
      "build:umd": "microbundle --format umd --name Blazervel --external none",
      "clean": "rm -rf types && rm -rf dist",
      "prepublishOnly": "npm run build",
      "watch": "microbundle watch --format cjs"
    },
    "dependencies": {
      "axios": "^0.26.0"
    },
    "devDependencies": {
      "@typescript-eslint/eslint-plugin": "^4.19.0",
      "@typescript-eslint/parser": "^4.19.0",
      "eslint": "^7.23.0",
      "microbundle": "^0.12.0",
      "typescript": "^4.2.4"
    }
  }

yarn manifest: 
  No manifest

Lockfile: 
  No lockfile
